[ 2018-08-07T09:33:29+08:00 ] 127.0.0.1 /iduding/static/h-ui/js/H-ui.js
INFO: [ app_init ] --START--
INFO: Run Behavior\BuildLiteBehavior [ RunTime:0.000000s ]
INFO: [ app_init ] --END-- [ RunTime:0.000000s ]
ERR: 无法加载模块:Static

[ 2018-08-07T09:33:30+08:00 ] 127.0.0.1 /iduding/static/h-ui/images/ucnter/avatar-default.jpg
INFO: [ app_init ] --START--
INFO: Run Behavior\BuildLiteBehavior [ RunTime:0.000000s ]
INFO: [ app_init ] --END-- [ RunTime:0.001001s ]
ERR: 无法加载模块:Static

[ 2018-08-07T09:33:30+08:00 ] 127.0.0.1 /iduding/static/h-ui/js/H-ui.js
INFO: [ app_init ] --START--
INFO: Run Behavior\BuildLiteBehavior [ RunTime:0.000000s ]
INFO: [ app_init ] --END-- [ RunTime:0.000000s ]
ERR: 无法加载模块:Static

[ 2018-08-07T15:37:37+08:00 ] 127.0.0.1 /iduding/static/h-ui/js/H-ui.js
INFO: [ app_init ] --START--
INFO: Run Behavior\BuildLiteBehavior [ RunTime:0.000000s ]
INFO: [ app_init ] --END-- [ RunTime:0.001000s ]
ERR: 无法加载模块:Static

[ 2018-08-07T15:37:37+08:00 ] 127.0.0.1 /iduding/static/h-ui/images/ucnter/avatar-default.jpg
INFO: [ app_init ] --START--
INFO: Run Behavior\BuildLiteBehavior [ RunTime:0.000000s ]
INFO: [ app_init ] --END-- [ RunTime:0.001000s ]
ERR: 无法加载模块:Static

[ 2018-08-07T15:37:37+08:00 ] 127.0.0.1 /iduding/static/h-ui/js/H-ui.js
INFO: [ app_init ] --START--
INFO: Run Behavior\BuildLiteBehavior [ RunTime:0.000000s ]
INFO: [ app_init ] --END-- [ RunTime:0.001000s ]
ERR: 无法加载模块:Static

